<?xml version="1.0" encoding="UTF-8" ?>
<testsuite failures="0" time="0.003" errors="0" skipped="0" tests="1" name="com.fcc.commons.fcc_commons_config.AppTest">
  <properties>
    <property name="java.runtime.name" value="Java(TM) SE Runtime Environment"/>
    <property name="sun.boot.library.path" value="D:\Program Files (x86)\MyEclipse 2015\binary\com.sun.java.jdk7.win32.x86_1.7.0.u45\jre\bin"/>
    <property name="java.vm.version" value="24.45-b08"/>
    <property name="java.vm.vendor" value="Oracle Corporation"/>
    <property name="java.vendor.url" value="http://java.oracle.com/"/>
    <property name="path.separator" value=";"/>
    <property name="guice.disable.misplaced.annotation.check" value="true"/>
    <property name="java.vm.name" value="Java HotSpot(TM) Client VM"/>
    <property name="file.encoding.pkg" value="sun.io"/>
    <property name="user.script" value=""/>
    <property name="user.country" value="CN"/>
    <property name="sun.java.launcher" value="SUN_STANDARD"/>
    <property name="sun.os.patch.level" value="Service Pack 1"/>
    <property name="java.vm.specification.name" value="Java Virtual Machine Specification"/>
    <property name="user.dir" value="D:\fqm\maven-demo\fcc-commons-config"/>
    <property name="java.runtime.version" value="1.7.0_45-b18"/>
    <property name="java.awt.graphicsenv" value="sun.awt.Win32GraphicsEnvironment"/>
    <property name="java.endorsed.dirs" value="D:\Program Files (x86)\MyEclipse 2015\binary\com.sun.java.jdk7.win32.x86_1.7.0.u45\jre\lib\endorsed"/>
    <property name="os.arch" value="x86"/>
    <property name="java.io.tmpdir" value="C:\Users\ADMINI~1\AppData\Local\Temp\"/>
    <property name="line.separator" value="
"/>
    <property name="java.vm.specification.vendor" value="Oracle Corporation"/>
    <property name="user.variant" value=""/>
    <property name="os.name" value="Windows 7"/>
    <property name="classworlds.conf" value="D:\Workspaces\MyEclipse 2015\.metadata\.plugins\org.eclipse.m2e.launching\launches\m2conf511834251053464417.tmp"/>
    <property name="sun.jnu.encoding" value="GBK"/>
    <property name="java.library.path" value="D:\Program Files (x86)\MyEclipse 2015\binary\com.sun.java.jdk7.win32.x86_1.7.0.u45\bin;C:\Windows\Sun\Java\bin;C:\Windows\system32;C:\Windows;D:/Program Files (x86)/MyEclipse 2015/binary/com.sun.java.jdk7.win32.x86_1.7.0.u45/jre/bin/client;D:/Program Files (x86)/MyEclipse 2015/binary/com.sun.java.jdk7.win32.x86_1.7.0.u45/jre/bin;D:/Program Files (x86)/MyEclipse 2015/binary/com.sun.java.jdk7.win32.x86_1.7.0.u45/jre/lib/i386;D:\Program Files (x86)\MyEclipse 2015\binary\com.sun.java.jdk7.win32.x86_1.7.0.u45\bin;C:\Windows\system32;C:\Windows;C:\Windows\System32\Wbem;C:\Windows\System32\WindowsPowerShell\v1.0\;C:\Program Files\Intel\WiFi\bin\;C:\Program Files\Common Files\Intel\WirelessCommon\;D:\Program Files\TortoiseSVN\bin;D:\Deploy\apache-ant-1.9.6\bin;D:\Program Files\HP\Unified Functional Testing\bin;D:\Deploy\apache-maven-3.2.5\bin;D:\Program Files\TortoiseGit\bin;D:\Program Files\nodejs\;%ANT_HOME%\bin;D:\Android\android-sdk\tools;D:\Android\android-sdk\platform-tools;."/>
    <property name="java.specification.name" value="Java Platform API Specification"/>
    <property name="java.class.version" value="51.0"/>
    <property name="sun.management.compiler" value="HotSpot Client Compiler"/>
    <property name="os.version" value="6.1"/>
    <property name="user.home" value="C:\Users\Administrator"/>
    <property name="user.timezone" value="Asia/Shanghai"/>
    <property name="java.awt.printerjob" value="sun.awt.windows.WPrinterJob"/>
    <property name="java.specification.version" value="1.7"/>
    <property name="file.encoding" value="UTF-8"/>
    <property name="user.name" value="Administrator"/>
    <property name="java.class.path" value="D:\Deploy\apache-maven-3.2.5\boot\plexus-classworlds-2.5.2.jar"/>
    <property name="java.vm.specification.version" value="1.7"/>
    <property name="sun.arch.data.model" value="32"/>
    <property name="java.home" value="D:\Program Files (x86)\MyEclipse 2015\binary\com.sun.java.jdk7.win32.x86_1.7.0.u45\jre"/>
    <property name="sun.java.command" value="org.codehaus.plexus.classworlds.launcher.Launcher -B -s D:\Deploy\apache-maven-3.2.5\conf\settings.xml deploy -Pprod"/>
    <property name="java.specification.vendor" value="Oracle Corporation"/>
    <property name="user.language" value="zh"/>
    <property name="awt.toolkit" value="sun.awt.windows.WToolkit"/>
    <property name="java.vm.info" value="mixed mode"/>
    <property name="java.version" value="1.7.0_45"/>
    <property name="java.ext.dirs" value="D:\Program Files (x86)\MyEclipse 2015\binary\com.sun.java.jdk7.win32.x86_1.7.0.u45\jre\lib\ext;C:\Windows\Sun\Java\lib\ext"/>
    <property name="sun.boot.class.path" value="D:\Program Files (x86)\MyEclipse 2015\binary\com.sun.java.jdk7.win32.x86_1.7.0.u45\jre\lib\resources.jar;D:\Program Files (x86)\MyEclipse 2015\binary\com.sun.java.jdk7.win32.x86_1.7.0.u45\jre\lib\rt.jar;D:\Program Files (x86)\MyEclipse 2015\binary\com.sun.java.jdk7.win32.x86_1.7.0.u45\jre\lib\sunrsasign.jar;D:\Program Files (x86)\MyEclipse 2015\binary\com.sun.java.jdk7.win32.x86_1.7.0.u45\jre\lib\jsse.jar;D:\Program Files (x86)\MyEclipse 2015\binary\com.sun.java.jdk7.win32.x86_1.7.0.u45\jre\lib\jce.jar;D:\Program Files (x86)\MyEclipse 2015\binary\com.sun.java.jdk7.win32.x86_1.7.0.u45\jre\lib\charsets.jar;D:\Program Files (x86)\MyEclipse 2015\binary\com.sun.java.jdk7.win32.x86_1.7.0.u45\jre\lib\jfr.jar;D:\Program Files (x86)\MyEclipse 2015\binary\com.sun.java.jdk7.win32.x86_1.7.0.u45\jre\classes"/>
    <property name="java.vendor" value="Oracle Corporation"/>
    <property name="maven.home" value="D:\Deploy\apache-maven-3.2.5"/>
    <property name="file.separator" value="\"/>
    <property name="java.vendor.url.bug" value="http://bugreport.sun.com/bugreport/"/>
    <property name="sun.cpu.endian" value="little"/>
    <property name="sun.io.unicode.encoding" value="UnicodeLittle"/>
    <property name="sun.desktop" value="windows"/>
    <property name="sun.cpu.isalist" value="pentium_pro+mmx pentium_pro pentium+mmx pentium i486 i386 i86"/>
  </properties>
  <testcase time="0.003" classname="com.fcc.commons.fcc_commons_config.AppTest" name="testApp"/>
</testsuite>